<?xml version="1.0" encoding="UTF-8"?>
<testsuite name="org.jboss.webbeans.test.unit.xml.parser.XmlParserImplTest" failures="1" tests="1" time="0.502" errors="0">
  <properties/>
  <testcase name="testParse" time="0.0080" classname="org.jboss.webbeans.test.unit.xml.parser.XmlParserImplTest">
    <failure type="java.lang.AssertionError">
      <![CDATA[java.lang.AssertionError
	at org.jboss.webbeans.test.unit.xml.parser.XmlParserImplTest.testParse(XmlParserImplTest.java:47)
	at org.jboss.testharness.AbstractTest.run(AbstractTest.java:238)
... Removed 28 stack frames]]>
    </failure>
  </testcase>
</testsuite>
