<?xml version="1.0" encoding="UTF-8"?>
<testsuite name="org.jboss.webbeans.test.unit.xml.deploy.BeansXmlParserTest" failures="1" tests="3" time="0.657" errors="0">
  <properties/>
  <testcase name="testDefaultDeploymentTypes" time="0.076" classname="org.jboss.webbeans.test.unit.xml.deploy.BeansXmlParserTest"/>
  <testcase name="testDuplicateDeployElement" time="0.02" classname="org.jboss.webbeans.test.unit.xml.deploy.BeansXmlParserTest">
    <failure type="org.testng.TestException" message="
Expected an exception in test method org.jboss.webbeans.test.unit.xml.deploy.BeansXmlParserTest.testDuplicateDeployElement()">
      <![CDATA[org.testng.TestException: 
Expected an exception in test method org.jboss.webbeans.test.unit.xml.deploy.BeansXmlParserTest.testDuplicateDeployElement()
... Removed 16 stack frames]]>
    </failure>
  </testcase>
  <testcase name="testUserDefinedDeploymentType" time="0.014" classname="org.jboss.webbeans.test.unit.xml.deploy.BeansXmlParserTest"/>
</testsuite>
